<?xml version="1.0" encoding="UTF-8"?>
<!-- Generated by org.testng.reporters.JUnitReportReporter -->
<testsuite hostname="DESKTOP-CFATBVO" failures="0" tests="1" name="testcases.TC_HomePage_002" time="13.291" errors="0" timestamp="2022-08-30T10:53:37 IST" skipped="0">
  <testcase classname="testcases.TC_HomePage_002" name="testArrivals" time="13.291"/>
  <system-out/>
</testsuite> <!-- testcases.TC_HomePage_002 -->
