<?xml version="1.0" encoding="UTF-8"?>
<!-- Generated by org.testng.reporters.JUnitReportReporter -->
<testsuite hostname="DESKTOP-CFATBVO" failures="0" tests="1" name="testcases.TC_HomePage_017" time="87.655" errors="0" timestamp="2022-10-02T18:35:25 IST" skipped="0">
  <testcase classname="testcases.TC_HomePage_017" name="checkPaymentGateWayPage" time="87.655"/>
  <system-out/>
</testsuite> <!-- testcases.TC_HomePage_017 -->
