<?xml version="1.0" encoding="UTF-8"?>
<!-- Generated by org.testng.reporters.JUnitReportReporter -->
<testsuite hostname="DESKTOP-CFATBVO" failures="0" tests="1" name="testcases.TC_Register_001" time="12.381" errors="0" timestamp="2022-10-26T13:16:54 IST" skipped="0">
  <testcase classname="testcases.TC_Register_001" name="testWithValidEmailAndPswd" time="12.381"/>
  <system-out/>
</testsuite> <!-- testcases.TC_Register_001 -->
