<?xml version="1.0" encoding="UTF-8"?>
<!-- Generated by org.testng.reporters.JUnitReportReporter -->
<testsuite hostname="DESKTOP-CFATBVO" failures="0" tests="1" name="testcases.TC_HomePage_015" time="26.290" errors="0" timestamp="2022-10-02T17:42:31 IST" skipped="0">
  <testcase classname="testcases.TC_HomePage_015" name="checkForTotalPrice" time="26.290"/>
  <system-out/>
</testsuite> <!-- testcases.TC_HomePage_015 -->
