<?xml version="1.0" encoding="UTF-8"?>
<!-- Generated by org.testng.reporters.JUnitReportReporter -->
<testsuite hostname="DESKTOP-CFATBVO" failures="0" tests="7" name="testcases.TC_Login_001" time="67.019" errors="0" timestamp="2022-09-10T20:58:26 IST" skipped="0">
  <testcase classname="testcases.TC_Login_001" name="loginTest" time="8.462"/>
  <system-out/>
  <testcase classname="testcases.TC_Login_001" name="loginTest" time="9.549"/>
  <system-out/>
  <testcase classname="testcases.TC_Login_001" name="loginTest" time="9.064"/>
  <system-out/>
  <testcase classname="testcases.TC_Login_001" name="loginTest" time="8.643"/>
  <system-out/>
  <testcase classname="testcases.TC_Login_001" name="loginTest" time="9.336"/>
  <system-out/>
  <testcase classname="testcases.TC_Login_001" name="loginTest" time="13.195"/>
  <system-out/>
  <testcase classname="testcases.TC_Login_001" name="loginTest" time="8.770"/>
  <system-out/>
</testsuite> <!-- testcases.TC_Login_001 -->
