<?xml version="1.0" encoding="UTF-8"?>
<!-- Generated by org.testng.reporters.JUnitReportReporter -->
<testsuite hostname="DESKTOP-CFATBVO" failures="0" tests="1" name="testcases.TC_HomePage_012" time="61.052" errors="0" timestamp="2022-09-18T12:51:47 IST" skipped="0">
  <testcase classname="testcases.TC_HomePage_012" name="checkForUpdateCart" time="61.052"/>
  <system-out/>
</testsuite> <!-- testcases.TC_HomePage_012 -->
