<?xml version="1.0" encoding="UTF-8"?>
<!-- Generated by org.testng.reporters.JUnitReportReporter -->
<testsuite hostname="DESKTOP-CFATBVO" failures="0" tests="1" name="testcases.TC_HomePage_011" time="30.177" errors="0" timestamp="2022-09-18T11:21:57 IST" skipped="0">
  <testcase classname="testcases.TC_HomePage_011" name="checkForRemoveItem" time="30.177"/>
  <system-out/>
</testsuite> <!-- testcases.TC_HomePage_011 -->
