<?xml version="1.0" encoding="UTF-8"?>
<!-- Generated by org.testng.reporters.JUnitReportReporter -->
<testsuite hostname="DESKTOP-CFATBVO" failures="0" tests="1" name="testcases.TC_HomePage_010" time="137.002" errors="0" timestamp="2022-09-06T11:47:39 IST" skipped="0">
  <testcase classname="testcases.TC_HomePage_010" name="checkForCouponAppliedOnBasket" time="137.002"/>
  <system-out/>
</testsuite> <!-- testcases.TC_HomePage_010 -->
