<?xml version="1.0" encoding="UTF-8"?>
<!-- Generated by org.testng.reporters.JUnitReportReporter -->
<testsuite hostname="DESKTOP-CFATBVO" failures="0" tests="1" name="testcases.TC_HomePage_009" time="22.579" errors="0" timestamp="2022-09-04T08:02:54 IST" skipped="0">
  <testcase classname="testcases.TC_HomePage_009" name="checkForCouponAppliedOnBasket" time="22.579"/>
  <system-out/>
</testsuite> <!-- testcases.TC_HomePage_009 -->
