<?xml version="1.0" encoding="UTF-8"?>
<!-- Generated by org.testng.reporters.JUnitReportReporter -->
<testsuite hostname="DESKTOP-CFATBVO" failures="0" tests="1" name="testcases.TC_HomePage_013" time="27.808" errors="0" timestamp="2022-09-18T13:46:50 IST" skipped="0">
  <testcase classname="testcases.TC_HomePage_013" name="checkForTotalPrice" time="27.808"/>
  <system-out/>
</testsuite> <!-- testcases.TC_HomePage_013 -->
