<?xml version="1.0" encoding="UTF-8"?>
<!-- Generated by org.testng.reporters.JUnitReportReporter -->
<testsuite hostname="DESKTOP-CFATBVO" failures="0" tests="1" name="testcases.TC_HomePage_006_2" time="22.769" errors="0" timestamp="2022-09-03T10:02:30 IST" skipped="0">
  <testcase classname="testcases.TC_HomePage_006_2" name="checkForPrice" time="22.769"/>
  <system-out/>
</testsuite> <!-- testcases.TC_HomePage_006_2 -->
