<?xml version="1.0" encoding="UTF-8"?>
<!-- Generated by org.testng.reporters.JUnitReportReporter -->
<testsuite hostname="DESKTOP-CFATBVO" failures="0" tests="1" name="testcases.TC_HomePage_004" time="47.377" errors="0" timestamp="2022-09-02T09:25:27 IST" skipped="0">
  <testcase classname="testcases.TC_HomePage_004" name="checkForDescriptionOfProduct" time="47.377"/>
  <system-out/>
</testsuite> <!-- testcases.TC_HomePage_004 -->
