<?xml version="1.0" encoding="UTF-8"?>
<!-- Generated by org.testng.reporters.JUnitReportReporter -->
<testsuite hostname="DESKTOP-CFATBVO" failures="0" tests="1" name="Utilities.RandomEmail" time="0.022" errors="0" timestamp="2022-10-26T12:36:14 IST" skipped="0">
  <testcase classname="Utilities.RandomEmail" name="ruen" time="0.022"/>
  <system-out/>
</testsuite> <!-- Utilities.RandomEmail -->
