<?xml version="1.0" encoding="UTF-8"?>
<!-- Generated by org.testng.reporters.JUnitReportReporter -->
<testsuite hostname="DESKTOP-CFATBVO" failures="0" tests="1" name="testcases.TC_HomePage_002" time="10.246" errors="0" timestamp="2022-09-10T20:58:26 IST" skipped="0">
  <testcase classname="testcases.TC_HomePage_002" name="testArrivals" time="10.246"/>
  <system-out/>
</testsuite> <!-- testcases.TC_HomePage_002 -->
