<?xml version="1.0" encoding="UTF-8"?>
<!-- Generated by org.testng.reporters.JUnitReportReporter -->
<testsuite hostname="DESKTOP-CFATBVO" failures="0" tests="1" name="testcases.TC_HomePage_001" time="8.142" errors="0" timestamp="2022-09-02T08:04:25 IST" skipped="0">
  <testcase classname="testcases.TC_HomePage_001" name="verifySliders" time="8.142"/>
  <system-out/>
</testsuite> <!-- testcases.TC_HomePage_001 -->
