<?xml version="1.0" encoding="UTF-8"?>
<!-- Generated by org.testng.reporters.JUnitReportReporter -->
<testsuite hostname="DESKTOP-CFATBVO" failures="0" tests="1" name="testcases.TC_02" time="14.147" errors="0" timestamp="2022-08-29T11:50:31 IST" skipped="0">
  <testcase classname="testcases.TC_02" name="testArrivals" time="14.147"/>
  <system-out/>
</testsuite> <!-- testcases.TC_02 -->
