<?xml version="1.0" encoding="UTF-8"?>
<!-- Generated by org.testng.reporters.JUnitReportReporter -->
<testsuite hostname="DESKTOP-CFATBVO" failures="0" tests="1" name="testcases.TC_HomePage_016" time="48.880" errors="0" timestamp="2022-09-20T09:28:50 IST" skipped="0">
  <testcase classname="testcases.TC_HomePage_016" name="checkForTotalPrice" time="48.880"/>
  <system-out/>
</testsuite> <!-- testcases.TC_HomePage_016 -->
