<?xml version="1.0" encoding="UTF-8"?>
<!-- Generated by org.testng.reporters.JUnitReportReporter -->
<testsuite hostname="DESKTOP-CFATBVO" failures="0" tests="1" name="testcases.TC_HomePage_003" time="43.405" errors="0" timestamp="2022-09-02T08:35:16 IST" skipped="0">
  <testcase classname="testcases.TC_HomePage_003" name="verifyIsArrivalsClickable" time="43.405"/>
  <system-out/>
</testsuite> <!-- testcases.TC_HomePage_003 -->
