<?xml version="1.0" encoding="UTF-8"?>
<!-- Generated by org.testng.reporters.JUnitReportReporter -->
<testsuite hostname="DESKTOP-CFATBVO" failures="0" tests="1" name="testcases.TC_HomePage_010" time="19.982" errors="0" timestamp="2022-09-10T20:58:26 IST" skipped="0">
  <testcase classname="testcases.TC_HomePage_010" name="checkForCouponNotAppliedOnLessThan450" time="19.982"/>
  <system-out/>
</testsuite> <!-- testcases.TC_HomePage_010 -->
