<?xml version="1.0" encoding="UTF-8"?>
<!-- Generated by org.testng.reporters.JUnitReportReporter -->
<testsuite hostname="DESKTOP-CFATBVO" failures="0" tests="1" name="testcases.TC_HomePage_006" time="16.060" errors="0" timestamp="2022-09-03T09:28:57 IST" skipped="0">
  <testcase classname="testcases.TC_HomePage_006" name="checkForReviews" time="16.060"/>
  <system-out/>
</testsuite> <!-- testcases.TC_HomePage_006 -->
